# JRE version: OpenJDK Runtime Environment (11.0.11+9) (build 11.0.11+9-b60-7590822)
# Java VM: OpenJDK 64-Bit Server VM (11.0.11+9-b60-7590822, mixed mode, tiered, compressed oops, g1 gc, windows-amd64)
Heap:
 garbage-first heap   total 260096K, used 49724K [0x0000000080000000, 0x0000000100000000)
  region size 1024K, 20 young (20480K), 19 survivors (19456K)
 Metaspace       used 53015K, capacity 54397K, committed 54732K, reserved 1097728K
  class space    used 6754K, capacity 7301K, committed 7424K, reserved 1048576K
GC Heap History (14 events):
Event: 0.852 GC heap before
{Heap before GC invocations=0 (full 0):
 garbage-first heap   total 260096K, used 29696K [0x0000000080000000, 0x0000000100000000)
  region size 1024K, 24 young (24576K), 0 survivors (0K)
 Metaspace       used 10253K, capacity 10491K, committed 10624K, reserved 1058816K
  class space    used 1072K, capacity 1141K, committed 1152K, reserved 1048576K
}
Event: 0.858 GC heap after
{Heap after GC invocations=1 (full 0):
 garbage-first heap   total 260096K, used 9358K [0x0000000080000000, 0x0000000100000000)
  region size 1024K, 3 young (3072K), 3 survivors (3072K)
 Metaspace       used 10253K, capacity 10491K, committed 10624K, reserved 1058816K
  class space    used 1072K, capacity 1141K, committed 1152K, reserved 1048576K
}
Event: 1.161 GC heap before
{Heap before GC invocations=1 (full 0):
 garbage-first heap   total 260096K, used 31886K [0x0000000080000000, 0x0000000100000000)
  region size 1024K, 25 young (25600K), 3 survivors (3072K)
 Metaspace       used 11189K, capacity 11382K, committed 11520K, reserved 1058816K
  class space    used 1174K, capacity 1246K, committed 1280K, reserved 1048576K
}
Event: 1.166 GC heap after
{Heap after GC invocations=2 (full 0):
 garbage-first heap   total 260096K, used 10168K [0x0000000080000000, 0x0000000100000000)
  region size 1024K, 1 young (1024K), 1 survivors (1024K)
 Metaspace       used 11189K, capacity 11382K, committed 11520K, reserved 1058816K
  class space    used 1174K, capacity 1246K, committed 1280K, reserved 1048576K
}
Event: 3.290 GC heap before
{Heap before GC invocations=2 (full 0):
 garbage-first heap   total 260096K, used 65464K [0x0000000080000000, 0x0000000100000000)
  region size 1024K, 55 young (56320K), 1 survivors (1024K)
 Metaspace       used 18196K, capacity 18551K, committed 18816K, reserved 1064960K
  class space    used 2180K, capacity 2319K, committed 2432K, reserved 1048576K
}
Event: 3.296 GC heap after
{Heap after GC invocations=3 (full 0):
 garbage-first heap   total 260096K, used 16468K [0x0000000080000000, 0x0000000100000000)
  region size 1024K, 7 young (7168K), 7 survivors (7168K)
 Metaspace       used 18196K, capacity 18551K, committed 18816K, reserved 1064960K
  class space    used 2180K, capacity 2319K, committed 2432K, reserved 1048576K
}
Event: 3.571 GC heap before
{Heap before GC invocations=3 (full 0):
 garbage-first heap   total 260096K, used 36948K [0x0000000080000000, 0x0000000100000000)
  region size 1024K, 28 young (28672K), 7 survivors (7168K)
 Metaspace       used 20671K, capacity 21091K, committed 21248K, reserved 1067008K
  class space    used 2545K, capacity 2697K, committed 2816K, reserved 1048576K
}
Event: 3.581 GC heap after
{Heap after GC invocations=4 (full 0):
 garbage-first heap   total 260096K, used 17624K [0x0000000080000000, 0x0000000100000000)
  region size 1024K, 1 young (1024K), 1 survivors (1024K)
 Metaspace       used 20671K, capacity 21091K, committed 21248K, reserved 1067008K
  class space    used 2545K, capacity 2697K, committed 2816K, reserved 1048576K
}
Event: 4.677 GC heap before
{Heap before GC invocations=5 (full 0):
 garbage-first heap   total 260096K, used 92376K [0x0000000080000000, 0x0000000100000000)
  region size 1024K, 75 young (76800K), 1 survivors (1024K)
 Metaspace       used 28027K, capacity 28569K, committed 28800K, reserved 1075200K
  class space    used 3719K, capacity 3943K, committed 3968K, reserved 1048576K
}
Event: 4.683 GC heap after
{Heap after GC invocations=6 (full 0):
 garbage-first heap   total 260096K, used 20180K [0x0000000080000000, 0x0000000100000000)
  region size 1024K, 4 young (4096K), 4 survivors (4096K)
 Metaspace       used 28027K, capacity 28569K, committed 28800K, reserved 1075200K
  class space    used 3719K, capacity 3943K, committed 3968K, reserved 1048576K
}
Event: 5.507 GC heap before
{Heap before GC invocations=6 (full 0):
 garbage-first heap   total 260096K, used 54996K [0x0000000080000000, 0x0000000100000000)
  region size 1024K, 39 young (39936K), 4 survivors (4096K)
 Metaspace       used 35002K, capacity 35786K, committed 35840K, reserved 1081344K
  class space    used 4556K, capacity 4863K, committed 4864K, reserved 1048576K
}
Event: 5.519 GC heap after
{Heap after GC invocations=7 (full 0):
 garbage-first heap   total 260096K, used 23143K [0x0000000080000000, 0x0000000100000000)
  region size 1024K, 7 young (7168K), 7 survivors (7168K)
 Metaspace       used 35002K, capacity 35786K, committed 35840K, reserved 1081344K
  class space    used 4556K, capacity 4863K, committed 4864K, reserved 1048576K
}
Event: 7.217 GC heap before
{Heap before GC invocations=8 (full 0):
 garbage-first heap   total 260096K, used 131687K [0x0000000080000000, 0x0000000100000000)
  region size 1024K, 110 young (112640K), 7 survivors (7168K)
 Metaspace       used 43888K, capacity 44890K, committed 45132K, reserved 1089536K
  class space    used 5611K, capacity 5984K, committed 6016K, reserved 1048576K
}
Event: 7.233 GC heap after
{Heap after GC invocations=9 (full 0):
 garbage-first heap   total 260096K, used 29553K [0x0000000080000000, 0x0000000100000000)
  region size 1024K, 13 young (13312K), 13 survivors (13312K)
 Metaspace       used 43888K, capacity 44890K, committed 45132K, reserved 1089536K
  class space    used 5611K, capacity 5984K, committed 6016K, reserved 1048576K
}

