# JRE version: OpenJDK Runtime Environment (11.0.11+9) (build 11.0.11+9-b60-7590822)
# Java VM: OpenJDK 64-Bit Server VM (11.0.11+9-b60-7590822, mixed mode, tiered, compressed oops, g1 gc, windows-amd64)
Heap:
 garbage-first heap   total 260096K, used 71208K [0x0000000080000000, 0x0000000100000000)
  region size 1024K, 15 young (15360K), 14 survivors (14336K)
 Metaspace       used 82733K, capacity 84544K, committed 84684K, reserved 1122304K
  class space    used 10771K, capacity 11470K, committed 11520K, reserved 1048576K
GC Heap History (20 events):
Event: 2.394 GC heap before
{Heap before GC invocations=1 (full 0):
 garbage-first heap   total 260096K, used 84158K [0x0000000080000000, 0x0000000100000000)
  region size 1024K, 76 young (77824K), 3 survivors (3072K)
 Metaspace       used 17640K, capacity 18001K, committed 18176K, reserved 1064960K
  class space    used 2102K, capacity 2221K, committed 2304K, reserved 1048576K
}
Event: 2.404 GC heap after
{Heap after GC invocations=2 (full 0):
 garbage-first heap   total 260096K, used 16109K [0x0000000080000000, 0x0000000100000000)
  region size 1024K, 10 young (10240K), 10 survivors (10240K)
 Metaspace       used 17640K, capacity 18001K, committed 18176K, reserved 1064960K
  class space    used 2102K, capacity 2221K, committed 2304K, reserved 1048576K
}
Event: 2.736 GC heap before
{Heap before GC invocations=2 (full 0):
 garbage-first heap   total 260096K, used 39661K [0x0000000080000000, 0x0000000100000000)
  region size 1024K, 34 young (34816K), 10 survivors (10240K)
 Metaspace       used 20645K, capacity 21091K, committed 21248K, reserved 1067008K
  class space    used 2546K, capacity 2697K, committed 2816K, reserved 1048576K
}
Event: 2.747 GC heap after
{Heap after GC invocations=3 (full 0):
 garbage-first heap   total 260096K, used 17068K [0x0000000080000000, 0x0000000100000000)
  region size 1024K, 2 young (2048K), 2 survivors (2048K)
 Metaspace       used 20645K, capacity 21091K, committed 21248K, reserved 1067008K
  class space    used 2546K, capacity 2697K, committed 2816K, reserved 1048576K
}
Event: 4.114 GC heap before
{Heap before GC invocations=4 (full 0):
 garbage-first heap   total 260096K, used 100012K [0x0000000080000000, 0x0000000100000000)
  region size 1024K, 83 young (84992K), 2 survivors (2048K)
 Metaspace       used 28675K, capacity 29306K, committed 29440K, reserved 1075200K
  class space    used 3828K, capacity 4062K, committed 4096K, reserved 1048576K
}
Event: 4.120 GC heap after
{Heap after GC invocations=5 (full 0):
 garbage-first heap   total 260096K, used 19655K [0x0000000080000000, 0x0000000100000000)
  region size 1024K, 4 young (4096K), 4 survivors (4096K)
 Metaspace       used 28675K, capacity 29306K, committed 29440K, reserved 1075200K
  class space    used 3828K, capacity 4062K, committed 4096K, reserved 1048576K
}
Event: 4.840 GC heap before
{Heap before GC invocations=5 (full 0):
 garbage-first heap   total 260096K, used 49351K [0x0000000080000000, 0x0000000100000000)
  region size 1024K, 34 young (34816K), 4 survivors (4096K)
 Metaspace       used 35004K, capacity 35785K, committed 35840K, reserved 1081344K
  class space    used 4557K, capacity 4863K, committed 4864K, reserved 1048576K
}
Event: 4.852 GC heap after
{Heap after GC invocations=6 (full 0):
 garbage-first heap   total 260096K, used 22450K [0x0000000080000000, 0x0000000100000000)
  region size 1024K, 7 young (7168K), 7 survivors (7168K)
 Metaspace       used 35004K, capacity 35785K, committed 35840K, reserved 1081344K
  class space    used 4557K, capacity 4863K, committed 4864K, reserved 1048576K
}
Event: 7.306 GC heap before
{Heap before GC invocations=7 (full 0):
 garbage-first heap   total 260096K, used 151474K [0x0000000080000000, 0x0000000100000000)
  region size 1024K, 130 young (133120K), 7 survivors (7168K)
 Metaspace       used 45286K, capacity 46358K, committed 46412K, reserved 1089536K
  class space    used 5815K, capacity 6240K, committed 6272K, reserved 1048576K
}
Event: 7.325 GC heap after
{Heap after GC invocations=8 (full 0):
 garbage-first heap   total 260096K, used 29641K [0x0000000080000000, 0x0000000100000000)
  region size 1024K, 14 young (14336K), 14 survivors (14336K)
 Metaspace       used 45286K, capacity 46358K, committed 46412K, reserved 1089536K
  class space    used 5815K, capacity 6240K, committed 6272K, reserved 1048576K
}
Event: 10.516 GC heap before
{Heap before GC invocations=8 (full 0):
 garbage-first heap   total 260096K, used 175049K [0x0000000080000000, 0x0000000100000000)
  region size 1024K, 148 young (151552K), 14 survivors (14336K)
 Metaspace       used 55207K, capacity 56521K, committed 56652K, reserved 1097728K
  class space    used 7005K, capacity 7496K, committed 7552K, reserved 1048576K
}
Event: 10.539 GC heap after
{Heap after GC invocations=9 (full 0):
 garbage-first heap   total 260096K, used 49577K [0x0000000080000000, 0x0000000100000000)
  region size 1024K, 19 young (19456K), 19 survivors (19456K)
 Metaspace       used 55207K, capacity 56521K, committed 56652K, reserved 1097728K
  class space    used 7005K, capacity 7496K, committed 7552K, reserved 1048576K
}
Event: 11.084 GC heap before
{Heap before GC invocations=9 (full 0):
 garbage-first heap   total 260096K, used 73129K [0x0000000080000000, 0x0000000100000000)
  region size 1024K, 43 young (44032K), 19 survivors (19456K)
 Metaspace       used 58771K, capacity 60154K, committed 60236K, reserved 1101824K
  class space    used 7475K, capacity 8023K, committed 8064K, reserved 1048576K
}
Event: 11.120 GC heap after
{Heap after GC invocations=10 (full 0):
 garbage-first heap   total 260096K, used 52669K [0x0000000080000000, 0x0000000100000000)
  region size 1024K, 3 young (3072K), 3 survivors (3072K)
 Metaspace       used 58771K, capacity 60154K, committed 60236K, reserved 1101824K
  class space    used 7475K, capacity 8023K, committed 8064K, reserved 1048576K
}
Event: 13.066 GC heap before
{Heap before GC invocations=11 (full 0):
 garbage-first heap   total 260096K, used 143805K [0x0000000080000000, 0x0000000100000000)
  region size 1024K, 92 young (94208K), 3 survivors (3072K)
 Metaspace       used 66933K, capacity 68481K, committed 68684K, reserved 1110016K
  class space    used 8487K, capacity 9076K, committed 9088K, reserved 1048576K
}
Event: 13.076 GC heap after
{Heap after GC invocations=12 (full 0):
 garbage-first heap   total 260096K, used 57216K [0x0000000080000000, 0x0000000100000000)
  region size 1024K, 8 young (8192K), 8 survivors (8192K)
 Metaspace       used 66933K, capacity 68481K, committed 68684K, reserved 1110016K
  class space    used 8487K, capacity 9076K, committed 9088K, reserved 1048576K
}
Event: 14.826 GC heap before
{Heap before GC invocations=12 (full 0):
 garbage-first heap   total 260096K, used 154496K [0x0000000080000000, 0x0000000100000000)
  region size 1024K, 103 young (105472K), 8 survivors (8192K)
 Metaspace       used 73141K, capacity 74767K, committed 74828K, reserved 1114112K
  class space    used 9448K, capacity 10056K, committed 10112K, reserved 1048576K
}
Event: 14.841 GC heap after
{Heap after GC invocations=13 (full 0):
 garbage-first heap   total 260096K, used 64330K [0x0000000080000000, 0x0000000100000000)
  region size 1024K, 13 young (13312K), 13 survivors (13312K)
 Metaspace       used 73141K, capacity 74767K, committed 74828K, reserved 1114112K
  class space    used 9448K, capacity 10056K, committed 10112K, reserved 1048576K
}
Event: 16.929 GC heap before
{Heap before GC invocations=13 (full 0):
 garbage-first heap   total 260096K, used 165706K [0x0000000080000000, 0x0000000100000000)
  region size 1024K, 112 young (114688K), 13 survivors (13312K)
 Metaspace       used 82716K, capacity 84541K, committed 84684K, reserved 1122304K
  class space    used 10767K, capacity 11469K, committed 11520K, reserved 1048576K
}
Event: 16.951 GC heap after
{Heap after GC invocations=14 (full 0):
 garbage-first heap   total 260096K, used 71208K [0x0000000080000000, 0x0000000100000000)
  region size 1024K, 14 young (14336K), 14 survivors (14336K)
 Metaspace       used 82716K, capacity 84541K, committed 84684K, reserved 1122304K
  class space    used 10767K, capacity 11469K, committed 11520K, reserved 1048576K
}

