# JRE version: OpenJDK Runtime Environment (11.0.11+9) (build 11.0.11+9-b60-7590822)
# Java VM: OpenJDK 64-Bit Server VM (11.0.11+9-b60-7590822, mixed mode, tiered, compressed oops, g1 gc, windows-amd64)
Heap:
 garbage-first heap   total 260096K, used 126059K [0x0000000080000000, 0x0000000100000000)
  region size 1024K, 108 young (110592K), 9 survivors (9216K)
 Metaspace       used 43506K, capacity 44545K, committed 44620K, reserved 1087488K
  class space    used 5545K, capacity 5910K, committed 5964K, reserved 1048576K
GC Heap History (12 events):
Event: 0.676 GC heap before
{Heap before GC invocations=0 (full 0):
 garbage-first heap   total 260096K, used 29696K [0x0000000080000000, 0x0000000100000000)
  region size 1024K, 24 young (24576K), 0 survivors (0K)
 Metaspace       used 10249K, capacity 10495K, committed 10624K, reserved 1058816K
  class space    used 1072K, capacity 1141K, committed 1152K, reserved 1048576K
}
Event: 0.680 GC heap after
{Heap after GC invocations=1 (full 0):
 garbage-first heap   total 260096K, used 9492K [0x0000000080000000, 0x0000000100000000)
  region size 1024K, 3 young (3072K), 3 survivors (3072K)
 Metaspace       used 10249K, capacity 10495K, committed 10624K, reserved 1058816K
  class space    used 1072K, capacity 1141K, committed 1152K, reserved 1048576K
}
Event: 1.031 GC heap before
{Heap before GC invocations=1 (full 0):
 garbage-first heap   total 260096K, used 51476K [0x0000000080000000, 0x0000000100000000)
  region size 1024K, 44 young (45056K), 3 survivors (3072K)
 Metaspace       used 11360K, capacity 11698K, committed 11904K, reserved 1060864K
  class space    used 1195K, capacity 1286K, committed 1408K, reserved 1048576K
}
Event: 1.036 GC heap after
{Heap after GC invocations=2 (full 0):
 garbage-first heap   total 260096K, used 14007K [0x0000000080000000, 0x0000000100000000)
  region size 1024K, 6 young (6144K), 6 survivors (6144K)
 Metaspace       used 11360K, capacity 11698K, committed 11904K, reserved 1060864K
  class space    used 1195K, capacity 1286K, committed 1408K, reserved 1048576K
}
Event: 2.580 GC heap before
{Heap before GC invocations=2 (full 0):
 garbage-first heap   total 260096K, used 65207K [0x0000000080000000, 0x0000000100000000)
  region size 1024K, 56 young (57344K), 6 survivors (6144K)
 Metaspace       used 19742K, capacity 20029K, committed 20224K, reserved 1067008K
  class space    used 2432K, capacity 2554K, committed 2560K, reserved 1048576K
}
Event: 2.588 GC heap after
{Heap after GC invocations=3 (full 0):
 garbage-first heap   total 260096K, used 16702K [0x0000000080000000, 0x0000000100000000)
  region size 1024K, 6 young (6144K), 6 survivors (6144K)
 Metaspace       used 19742K, capacity 20029K, committed 20224K, reserved 1067008K
  class space    used 2432K, capacity 2554K, committed 2560K, reserved 1048576K
}
Event: 2.689 GC heap before
{Heap before GC invocations=3 (full 0):
 garbage-first heap   total 260096K, used 22846K [0x0000000080000000, 0x0000000100000000)
  region size 1024K, 13 young (13312K), 6 survivors (6144K)
 Metaspace       used 20684K, capacity 21095K, committed 21248K, reserved 1067008K
  class space    used 2544K, capacity 2697K, committed 2816K, reserved 1048576K
}
Event: 2.695 GC heap after
{Heap after GC invocations=4 (full 0):
 garbage-first heap   total 260096K, used 17132K [0x0000000080000000, 0x0000000100000000)
  region size 1024K, 4 young (4096K), 4 survivors (4096K)
 Metaspace       used 20684K, capacity 21095K, committed 21248K, reserved 1067008K
  class space    used 2544K, capacity 2697K, committed 2816K, reserved 1048576K
}
Event: 5.103 GC heap before
{Heap before GC invocations=5 (full 0):
 garbage-first heap   total 260096K, used 86764K [0x0000000080000000, 0x0000000100000000)
  region size 1024K, 72 young (73728K), 4 survivors (4096K)
 Metaspace       used 27218K, capacity 27782K, committed 27904K, reserved 1073152K
  class space    used 3599K, capacity 3807K, committed 3840K, reserved 1048576K
}
Event: 5.109 GC heap after
{Heap after GC invocations=6 (full 0):
 garbage-first heap   total 260096K, used 19462K [0x0000000080000000, 0x0000000100000000)
  region size 1024K, 6 young (6144K), 6 survivors (6144K)
 Metaspace       used 27218K, capacity 27782K, committed 27904K, reserved 1073152K
  class space    used 3599K, capacity 3807K, committed 3840K, reserved 1048576K
}
Event: 8.124 GC heap before
{Heap before GC invocations=6 (full 0):
 garbage-first heap   total 260096K, used 62470K [0x0000000080000000, 0x0000000100000000)
  region size 1024K, 49 young (50176K), 6 survivors (6144K)
 Metaspace       used 35014K, capacity 35790K, committed 35840K, reserved 1081344K
  class space    used 4547K, capacity 4863K, committed 4864K, reserved 1048576K
}
Event: 8.151 GC heap after
{Heap after GC invocations=7 (full 0):
 garbage-first heap   total 260096K, used 22635K [0x0000000080000000, 0x0000000100000000)
  region size 1024K, 9 young (9216K), 9 survivors (9216K)
 Metaspace       used 35014K, capacity 35790K, committed 35840K, reserved 1081344K
  class space    used 4547K, capacity 4863K, committed 4864K, reserved 1048576K
}

